proguard/seeds.txt
net.tidalsource.on.the.road.sms.About
net.tidalsource.on.the.road.sms.About: About()
net.tidalsource.on.the.road.sms.About: void onCreate(android.os.Bundle)
net.tidalsource.on.the.road.sms.App
net.tidalsource.on.the.road.sms.App: android.speech.tts.TextToSpeech myTTS
net.tidalsource.on.the.road.sms.App: net.tidalsource.on.the.road.sms.MyMessage myMessage
net.tidalsource.on.the.road.sms.App: net.tidalsource.on.the.road.sms.MyPrefs myPrefs
net.tidalsource.on.the.road.sms.App: net.tidalsource.on.the.road.sms.MyAudio myAudio
net.tidalsource.on.the.road.sms.App: App()
net.tidalsource.on.the.road.sms.App: void onCreate()
net.tidalsource.on.the.road.sms.App2
net.tidalsource.on.the.road.sms.App2: App2()
net.tidalsource.on.the.road.sms.App2: void onCreate()
net.tidalsource.on.the.road.sms.BuildConfig
net.tidalsource.on.the.road.sms.BuildConfig: boolean DEBUG
net.tidalsource.on.the.road.sms.BuildConfig: BuildConfig()
net.tidalsource.on.the.road.sms.CONST
net.tidalsource.on.the.road.sms.CONST: java.lang.String SETTINGS
net.tidalsource.on.the.road.sms.CONST: java.lang.String TAG
net.tidalsource.on.the.road.sms.CONST: int IS_FIRST_RUN
net.tidalsource.on.the.road.sms.CONST: int APP_VERSION
net.tidalsource.on.the.road.sms.CONST: java.lang.String PREF_NAME
net.tidalsource.on.the.road.sms.CONST: int PLAYBACK_LANG
net.tidalsource.on.the.road.sms.CONST: int APP_VOLUME
net.tidalsource.on.the.road.sms.CONST: int REPLY_MSG_1
net.tidalsource.on.the.road.sms.CONST: int REPLY_MSG_2
net.tidalsource.on.the.road.sms.CONST: int CLEAR_REPEAT
net.tidalsource.on.the.road.sms.CONST: int AFTER_HOURS_A
net.tidalsource.on.the.road.sms.CONST: int AFTER_HOURS_B
net.tidalsource.on.the.road.sms.CONST: int AFTER_HOURS_ENABLED
net.tidalsource.on.the.road.sms.CONST: int RECORDING_LANGUAGE
net.tidalsource.on.the.road.sms.CONST: int APP_MODE
net.tidalsource.on.the.road.sms.CONST: int MODE_DISABLED
net.tidalsource.on.the.road.sms.CONST: int MODE_AUTO_READ_MSG
net.tidalsource.on.the.road.sms.CONST: int MODE_BRING_TO_FRONT
net.tidalsource.on.the.road.sms.CONST: int MISSED_MESSAGE
net.tidalsource.on.the.road.sms.CONST: int IN_PAUSED_MODE
net.tidalsource.on.the.road.sms.CONST: int MESSAGE_MAYBE_SENT
net.tidalsource.on.the.road.sms.CONST: int RESTORE_TO_VOL
net.tidalsource.on.the.road.sms.CONST: int LAST_PLAYED_MSG_ID
net.tidalsource.on.the.road.sms.CONST: int LAST_MSG_ID_BEFORE_REPLY
net.tidalsource.on.the.road.sms.MyAudio
net.tidalsource.on.the.road.sms.MyAudio: int MY_STREAM
net.tidalsource.on.the.road.sms.MyAudio: android.media.AudioManager audioMgr
net.tidalsource.on.the.road.sms.MyAudio: boolean hasStreamVolBeenSaved
net.tidalsource.on.the.road.sms.MyAudio: android.os.AsyncTask myAsyncTask
net.tidalsource.on.the.road.sms.MyAudio: int mediaVol
net.tidalsource.on.the.road.sms.MyAudio: int myAppVol
net.tidalsource.on.the.road.sms.MyAudio: MyAudio(android.content.Context)
net.tidalsource.on.the.road.sms.MyAudio: void initPlayback(int)
net.tidalsource.on.the.road.sms.MyAudio: void saveStreamVol(int)
net.tidalsource.on.the.road.sms.MyAudio: void restoreStreamVol()
net.tidalsource.on.the.road.sms.MyAudio: void utteranceComplete()
net.tidalsource.on.the.road.sms.MyAudio: void successTTSInit(java.lang.String)
net.tidalsource.on.the.road.sms.MyAudio: void setTTSLanguage()
net.tidalsource.on.the.road.sms.MyAudio: void speakMessage(int)
net.tidalsource.on.the.road.sms.MyAudio: void speakQuickMessage(java.lang.String)
net.tidalsource.on.the.road.sms.MyAudio: void speakMessage(java.util.HashMap,int,java.lang.String)
net.tidalsource.on.the.road.sms.MyHapticFeedback
net.tidalsource.on.the.road.sms.MyHapticFeedback: MyHapticFeedback()
net.tidalsource.on.the.road.sms.MyHapticFeedback: boolean onTouch(android.view.View,android.view.MotionEvent)
...
android.support.v4.app.BackStackState
android.support.v4.app.BackStackState: android.os.Parcelable$Creator CREATOR
android.support.v4.app.Fragment$SavedState
android.support.v4.app.Fragment$SavedState: android.os.Parcelable$Creator CREATOR
android.support.v4.app.FragmentManagerState
android.support.v4.app.FragmentManagerState: android.os.Parcelable$Creator CREATOR
android.support.v4.app.FragmentState
android.support.v4.app.FragmentState: android.os.Parcelable$Creator CREATOR
android.support.v4.content.ModernAsyncTask$Status: android.support.v4.content.ModernAsyncTask$Status[] values()
android.support.v4.content.ModernAsyncTask$Status: android.support.v4.content.ModernAsyncTask$Status valueOf(java.lang.String)
android.support.v4.view.PagerTabStrip: void setTabIndicatorColor(int)
android.support.v4.view.PagerTabStrip: void setTabIndicatorColorResource(int)
android.support.v4.view.PagerTabStrip: int getTabIndicatorColor()
android.support.v4.view.PagerTabStrip: void setTextSpacing(int)
android.support.v4.view.PagerTabStrip: void setBackgroundDrawable(android.graphics.drawable.Drawable)
android.support.v4.view.PagerTabStrip: void setBackgroundColor(int)
android.support.v4.view.PagerTabStrip: void setBackgroundResource(int)
android.support.v4.view.PagerTabStrip: void setDrawFullUnderline(boolean)
android.support.v4.view.PagerTabStrip: boolean getDrawFullUnderline()
android.support.v4.view.PagerTabStrip: int getMinHeight()
android.support.v4.view.PagerTitleStrip: void setSingleLineAllCaps(android.widget.TextView)
android.support.v4.view.PagerTitleStrip: void setTextSpacing(int)
android.support.v4.view.PagerTitleStrip: int getTextSpacing()
android.support.v4.view.PagerTitleStrip: void setNonPrimaryAlpha(float)
android.support.v4.view.PagerTitleStrip: void setTextColor(int)
android.support.v4.view.PagerTitleStrip: void setGravity(int)
android.support.v4.view.PagerTitleStrip: int getMinHeight()
android.support.v4.view.ViewPager: void setScrollState(int)
android.support.v4.view.ViewPager: void setAdapter(android.support.v4.view.PagerAdapter)
android.support.v4.view.ViewPager: android.support.v4.view.PagerAdapter getAdapter()
android.support.v4.view.ViewPager: void setOnAdapterChangeListener(android.support.v4.view.ViewPager$OnAdapterChangeListener)
android.support.v4.view.ViewPager: void setCurrentItem(int)
android.support.v4.view.ViewPager: int getCurrentItem()
android.support.v4.view.ViewPager: void setOnPageChangeListener(android.support.v4.view.ViewPager$OnPageChangeListener)
android.support.v4.view.ViewPager: int getOffscreenPageLimit()
android.support.v4.view.ViewPager: void setOffscreenPageLimit(int)
android.support.v4.view.ViewPager: void setPageMargin(int)
android.support.v4.view.ViewPager: int getPageMargin()
android.support.v4.view.ViewPager: void setPageMarginDrawable(android.graphics.drawable.Drawable)
android.support.v4.view.ViewPager: void setPageMarginDrawable(int)
android.support.v4.view.ViewPager: void setScrollingCacheEnabled(boolean)
android.support.v4.view.ViewPager$SavedState
android.support.v4.view.ViewPager$SavedState: android.os.Parcelable$Creator CREATOR
org.acra.ReportField: org.acra.ReportField[] values()
org.acra.ReportField: org.acra.ReportField valueOf(java.lang.String)
org.acra.ReportingInteractionMode: org.acra.ReportingInteractionMode[] values()
org.acra.ReportingInteractionMode: org.acra.ReportingInteractionMode valueOf(java.lang.String)
org.acra.collector.MediaCodecListCollector$CodecType: org.acra.collector.MediaCodecListCollector$CodecType[] values()
org.acra.collector.MediaCodecListCollector$CodecType: org.acra.collector.MediaCodecListCollector$CodecType valueOf(java.lang.String)