proguard/mapping.txt
net.tidalsource.on.the.road.sms.About -> net.tidalsource.on.the.road.sms.About:
    void onCreate(android.os.Bundle) -> onCreate
net.tidalsource.on.the.road.sms.App -> net.tidalsource.on.the.road.sms.App:
    android.speech.tts.TextToSpeech myTTS -> myTTS
    net.tidalsource.on.the.road.sms.MyMessage myMessage -> myMessage
    net.tidalsource.on.the.road.sms.MyPrefs myPrefs -> myPrefs
    net.tidalsource.on.the.road.sms.MyAudio myAudio -> myAudio
    void onCreate() -> onCreate
net.tidalsource.on.the.road.sms.App2 -> net.tidalsource.on.the.road.sms.App2:
    void onCreate() -> onCreate
net.tidalsource.on.the.road.sms.BuildConfig -> net.tidalsource.on.the.road.sms.BuildConfig:
    boolean DEBUG -> DEBUG
net.tidalsource.on.the.road.sms.CONST -> net.tidalsource.on.the.road.sms.CONST:
    java.lang.String SETTINGS -> SETTINGS
    java.lang.String TAG -> TAG
    int IS_FIRST_RUN -> IS_FIRST_RUN
    int APP_VERSION -> APP_VERSION
    java.lang.String PREF_NAME -> PREF_NAME
    int PLAYBACK_LANG -> PLAYBACK_LANG
    int APP_VOLUME -> APP_VOLUME
    int REPLY_MSG_1 -> REPLY_MSG_1
    int REPLY_MSG_2 -> REPLY_MSG_2
    int CLEAR_REPEAT -> CLEAR_REPEAT
    int AFTER_HOURS_A -> AFTER_HOURS_A
    int AFTER_HOURS_B -> AFTER_HOURS_B
    int AFTER_HOURS_ENABLED -> AFTER_HOURS_ENABLED
    int RECORDING_LANGUAGE -> RECORDING_LANGUAGE
    int APP_MODE -> APP_MODE
    int MODE_DISABLED -> MODE_DISABLED
    int MODE_AUTO_READ_MSG -> MODE_AUTO_READ_MSG
    int MODE_BRING_TO_FRONT -> MODE_BRING_TO_FRONT
    int MISSED_MESSAGE -> MISSED_MESSAGE
    int IN_PAUSED_MODE -> IN_PAUSED_MODE
    int MESSAGE_MAYBE_SENT -> MESSAGE_MAYBE_SENT
    int RESTORE_TO_VOL -> RESTORE_TO_VOL
    int LAST_PLAYED_MSG_ID -> LAST_PLAYED_MSG_ID
    int LAST_MSG_ID_BEFORE_REPLY -> LAST_MSG_ID_BEFORE_REPLY
    int AVAILABLE_REC_LANGUAGES -> AVAILABLE_REC_LANGUAGES
    int AVAILABLE_REC_LANG_IDS -> AVAILABLE_REC_LANG_IDS
    int LOOKUP_MAX_LOOP -> LOOKUP_MAX_LOOP
    int THREAD_SLEEP_MILLIS -> THREAD_SLEEP_MILLIS
    int DELAYED_CLOUSURE_1 -> DELAYED_CLOUSURE_1
    int DELAYED_CLOUSURE_2 -> DELAYED_CLOUSURE_2
    int AUDIO_CHECK_CODE -> AUDIO_CHECK_CODE
    int SETTINGS_CHECK_CODE -> SETTINGS_CHECK_CODE
net.tidalsource.on.the.road.sms.MyAudio -> net.tidalsource.on.the.road.sms.MyAudio:
    java.lang.String TAG_CLASS -> a
    int MY_STREAM -> MY_STREAM
    android.media.AudioManager audioMgr -> audioMgr
    boolean hasStreamVolBeenSaved -> hasStreamVolBeenSaved
    android.content.Context context -> b
    java.util.HashMap paramsSpeak -> c
    android.os.AsyncTask myAsyncTask -> myAsyncTask
    int mediaVol -> mediaVol
    int myAppVol -> myAppVol
    android.content.res.Resources res -> d
    net.tidalsource.on.the.road.sms.App app -> e
    android.media.AudioManager$OnAudioFocusChangeListener audioFocus -> f
    void initPlayback(int) -> initPlayback
    void saveStreamVol(int) -> saveStreamVol
    void restoreStreamVol() -> restoreStreamVol
    void utteranceComplete() -> utteranceComplete
    void successTTSInit(java.lang.String) -> successTTSInit
    void setTTSLanguage() -> setTTSLanguage
    void speakMessage(int) -> speakMessage
    void speakQuickMessage(java.lang.String) -> speakQuickMessage
    void speakMessage(java.util.HashMap,int,java.lang.String) -> speakMessage
    net.tidalsource.on.the.road.sms.App access$0(net.tidalsource.on.the.road.sms.MyAudio) -> a
    java.util.HashMap access$1(net.tidalsource.on.the.road.sms.MyAudio) -> b
net.tidalsource.on.the.road.sms.MyAudio$1 -> net.tidalsource.on.the.road.sms.a:
    net.tidalsource.on.the.road.sms.MyAudio this$0 -> a
    void onAudioFocusChange(int) -> onAudioFocusChange
...
android.support.v4.app.LoaderManagerImpl -> android.support.v4.app.s:
    boolean DEBUG -> a
    android.support.v4.util.SparseArrayCompat mLoaders -> b
    android.support.v4.util.SparseArrayCompat mInactiveLoaders -> c
    android.support.v4.app.FragmentActivity mActivity -> d
    boolean mStarted -> e
    boolean mRetaining -> f
    void updateActivity(android.support.v4.app.FragmentActivity) -> a
    void doStart() -> b
    void doStop() -> c
    void doRetain() -> d
    void finishRetain() -> e
    void doReportNextStart() -> f
    void doReportStart() -> g
    void doDestroy() -> h
    java.lang.String toString() -> toString
    void dump(java.lang.String,java.io.FileDescriptor,java.io.PrintWriter,java.lang.String[]) -> a
    boolean hasRunningLoaders() -> a
android.support.v4.app.LoaderManagerImpl$LoaderInfo -> android.support.v4.app.t:
    int mId -> a
    android.os.Bundle mArgs -> b
    android.support.v4.app.LoaderManager$LoaderCallbacks mCallbacks -> c
    android.support.v4.content.Loader mLoader -> d
    boolean mHaveData -> e
    boolean mDeliveredData -> f
    java.lang.Object mData -> g
    boolean mStarted -> h
    boolean mRetaining -> i
    boolean mRetainingStarted -> j
    boolean mReportNextStart -> k
    boolean mDestroyed -> l
    boolean mListenerRegistered -> m
    android.support.v4.app.LoaderManagerImpl$LoaderInfo mPendingLoader -> n
    android.support.v4.app.LoaderManagerImpl this$0 -> o
    void start() -> a
    void retain() -> b
    void finishRetain() -> c
    void reportStart() -> d
    void stop() -> e
    void destroy() -> f
    void callOnLoadFinished(android.support.v4.content.Loader,java.lang.Object) -> a
    java.lang.String toString() -> toString
    void dump(java.lang.String,java.io.FileDescriptor,java.io.PrintWriter,java.lang.String[]) -> a
android.support.v4.app.NoSaveStateFrameLayout -> android.support.v4.app.u:
    android.view.ViewGroup wrap(android.view.View) -> a
    void dispatchSaveInstanceState(android.util.SparseArray) -> dispatchSaveInstanceState
    void dispatchRestoreInstanceState(android.util.SparseArray) -> dispatchRestoreInstanceState
android.support.v4.app.SuperNotCalledException -> android.support.v4.app.v:
android.support.v4.content.Loader -> android.support.v4.a.a:
    int mId -> a
    android.support.v4.content.Loader$OnLoadCompleteListener mListener -> b
    boolean mStarted -> c
    boolean mAbandoned -> d
    boolean mReset -> e
    boolean mContentChanged -> f
    void registerListener(int,android.support.v4.content.Loader$OnLoadCompleteListener) -> a
    void unregisterListener(android.support.v4.content.Loader$OnLoadCompleteListener) -> a
    void startLoading() -> a
    void onStartLoading() -> b
    void stopLoading() -> c
    void onStopLoading() -> d
    void reset() -> e
    void onReset() -> f
    java.lang.String dataToString(java.lang.Object) -> a
    java.lang.String toString() -> toString
    void dump(java.lang.String,java.io.FileDescriptor,java.io.PrintWriter,java.lang.String[]) -> a
android.support.v4.content.Loader$OnLoadCompleteListener -> android.support.v4.a.b:
android.support.v4.os.ParcelableCompat -> android.support.v4.b.a:
    android.os.Parcelable$Creator newCreator(android.support.v4.os.ParcelableCompatCreatorCallbacks) -> a
android.support.v4.os.ParcelableCompat$CompatCreator -> android.support.v4.b.b:
    android.support.v4.os.ParcelableCompatCreatorCallbacks mCallbacks -> a
    java.lang.Object createFromParcel(android.os.Parcel) -> createFromParcel
    java.lang.Object[] newArray(int) -> newArray
android.support.v4.os.ParcelableCompatCreatorCallbacks -> android.support.v4.b.c:
    java.lang.Object createFromParcel(android.os.Parcel,java.lang.ClassLoader) -> a
    java.lang.Object[] newArray(int) -> a